\BOOKMARK [1][-]{section.1}{\376\377\000I\000n\000t\000r\000o\000d\000u\000c\000t\000i\000o\000n}{}% 1
\BOOKMARK [1][-]{section.2}{\376\377\000P\000r\000e\000l\000i\000m\000i\000n\000a\000r\000i\000e\000s}{}% 2
\BOOKMARK [1][-]{section.3}{\376\377\000I\000n\000s\000t\000a\000l\000l\000a\000t\000i\000o\000n}{}% 3
\BOOKMARK [1][-]{section.4}{\376\377\227\142\154\342\166\364\143\245\123\315\157\024\152\041\127\127}{}% 4
\BOOKMARK [2][-]{subsection.4.1}{\376\377\123\302\145\160\145\207\116\366}{section.4}% 5
\BOOKMARK [2][-]{subsection.4.2}{\376\377\122\035\131\313\152\041\127\213\124\214\150\300\155\113\147\177\152\041\127\213\145\207\116\366}{section.4}% 6
\BOOKMARK [2][-]{subsection.4.3}{\376\377\230\221\145\143\145\160\143\156\145\207\116\366}{section.4}% 7
\BOOKMARK [2][-]{subsection.4.4}{\376\377\217\320\210\114\145\271\154\325}{section.4}% 8
\BOOKMARK [2][-]{subsection.4.5}{\376\377\217\223\121\372\145\207\116\366}{section.4}% 9
\BOOKMARK [1][-]{section.5}{\376\377\200\124\124\010\123\315\157\024\152\041\127\127}{}% 10
\BOOKMARK [2][-]{subsection.5.1}{\376\377\123\302\145\160\145\207\116\366}{section.5}% 11
\BOOKMARK [2][-]{subsection.5.2}{\376\377\221\315\122\233\145\160\143\156\145\207\116\366}{section.5}% 12
\BOOKMARK [2][-]{subsection.5.3}{\376\377\221\315\122\233\167\351\226\065\145\207\116\366}{section.5}% 13
\BOOKMARK [2][-]{subsection.5.4}{\376\377\220\037\136\246\123\302\200\003\152\041\127\213}{section.5}% 14
\BOOKMARK [2][-]{subsection.5.5}{\376\377\217\320\210\114\145\271\154\325}{section.5}% 15
\BOOKMARK [2][-]{subsection.5.6}{\376\377\217\223\121\372\145\207\116\366}{section.5}% 16
\BOOKMARK [1][-]{section.6}{\376\377\221\315\122\233\152\041\127\127}{}% 17
\BOOKMARK [2][-]{subsection.6.1}{\376\377\217\320\210\114\145\271\154\325}{section.6}% 18
\BOOKMARK [2][-]{subsection.6.2}{\376\377\217\223\121\372\145\207\116\366}{section.6}% 19
\BOOKMARK [1][-]{section.7}{\376\377\116\000\116\233\134\017\201\032\147\054}{}% 20
\BOOKMARK [1][-]{section.8}{\376\377\232\330\176\247\220\011\230\171}{}% 21
\BOOKMARK [2][-]{subsection.8.1}{\376\377\136\166\210\114\117\177\165\050\166\204\176\277\172\013\145\160}{section.8}% 22
\BOOKMARK [2][-]{subsection.8.2}{\376\377\220\037\136\246\000-\133\306\136\246\176\317\232\214\121\163\174\373\166\204\220\011\142\351}{section.8}% 23
\BOOKMARK [2][-]{subsection.8.3}{\376\377\000G\000a\000u\000s\000s\000-\000L\000e\000g\000e\000n\000d\000r\000e\202\202\160\271\116\052\145\160\166\204\220\011\142\351\116\345\123\312\221\315\122\233\167\351\226\065\166\204\213\241\173\227\203\003\126\364}{section.8}% 24
\BOOKMARK [2][-]{subsection.8.4}{\376\377\227\142\154\342\215\160\145\366\153\143\157\024\213\241\173\227\166\204\177\121\150\074\225\364\215\335}{section.8}% 25
